New log file opened at Wed Mar 18 21:55:43 GMT 2015 by 56295@KevinMBP.local
Taking next connection to: 61351
New client attempting to connect on port: 61352-61351
  Address = /192.168.0.6:61351
This client on port 61352 has uuid 33376d48-c11a-476f-a94f-d64d5cd558c8 configName activator humanReadableName Activator protocolVersion 1 featureTags Vector()
Connected Clients: activator-33376d48-c11a-476f-a94f-d64d5cd558c8
Taking next connection to: 61351
Checking to see if clients are empty...
We have 1 non-daemon clients, continuing serving connections.
Taking next connection to: 61351
Checking to see if clients are empty...
We have 1 non-daemon clients, continuing serving connections.
Taking next connection to: 61351
New client attempting to connect on port: 61369-61351
  Address = /192.168.0.6:61351
Handshake exception on socket: 61369
sbt.impl.ipc.HandshakeException: Unable to perform handshake
	at sbt.impl.ipc.Peer.handshake(IPC.scala:46)
	at sbt.impl.ipc.MultiClientServer.<init>(IPC.scala:150)
	at sbt.server.SbtServerSocketHandler$$anon$1.run(SbtServerSocketHandler.scala:43)
Caused by: java.io.EOFException
	at java.io.DataInputStream.readInt(DataInputStream.java:392)
	at sbt.impl.ipc.Peer.receive(IPC.scala:95)
	at sbt.impl.ipc.Peer.handshake(IPC.scala:49)
	... 2 more
Taking next connection to: 61351
New client attempting to connect on port: 61370-61351
  Address = /192.168.0.6:61351
This client on port 61370 has uuid 5d4b71f8-0ad6-4d03-80ae-a2b10628e2d8 configName play-fork-run humanReadableName Play Fork Run protocolVersion 1 featureTags Vector()
Connected Clients: activator-33376d48-c11a-476f-a94f-d64d5cd558c8, play-fork-run-5d4b71f8-0ad6-4d03-80ae-a2b10628e2d8
Taking next connection to: 61351
Checking to see if clients are empty...
We have 1 non-daemon clients, continuing serving connections.
Taking next connection to: 61351
Checking to see if clients are empty...
We have 1 non-daemon clients, continuing serving connections.
Taking next connection to: 61351
Checking to see if clients are empty...
We have 1 non-daemon clients, continuing serving connections.
Taking next connection to: 61351
