New log file opened at Wed Mar 18 21:55:43 GMT 2015 by 56295@KevinMBP.local
jvm 56295@KevinMBP.local
jvm vmName=Java HotSpot(TM) 64-Bit Server VM vmVendor=Oracle Corporation vmVersion=24.71-b01
jvm specName=Java Virtual Machine Specification specVendor=Oracle Corporation specVersion=1.7
jvm arguments: [-Xms256m, -Xmx1024m, -XX:PermSize=64m, -XX:MaxPermSize=256m]
Starting event engine
Starting sbt command engine
Waiting for sbt command engine
Command engine arguments=List()
Command engine baseDirectory=/Users/kevin/src/scalaplay/flightplanner
Command engine initial remaining commands List(--initialize, onFailure load-failed, boot, server-send-ready-for-request, server-handle-next-server-request)
> --initialize
> initialize
> onFailure load-failed
> boot
> reload
[Loading] Scanning directory /Users/kevin/.sbt/0.13/plugins
[Loading] Found non-root projects 
[Loading] Done in /Users/kevin/.sbt/0.13/plugins, returning: ()
deducing auto plugins based on known facts Set(Atom(sbt.plugins.CorePlugin)) and clauses Clauses(List(Clause(Atom(sbt.plugins.JvmPlugin),Set(Atom(sbt.plugins.IvyPlugin))), Clause(Atom(sbt.plugins.JUnitXmlReportPlugin),Set(Atom(sbt.plugins.JvmPlugin))), Clause(Atom(sbt.plugins.CorePlugin),Set(Atom(sbt.plugins.IvyPlugin))), Clause(Atom(sbt.plugins.IvyPlugin),Set(Atom(sbt.plugins.JvmPlugin))), Clause(Atom(sbt.plugins.JvmPlugin),Set(Atom(sbt.plugins.JUnitXmlReportPlugin)))))
  :: deduced result: Matched(sbt.plugins.CorePlugin,sbt.plugins.IvyPlugin,sbt.plugins.JvmPlugin,sbt.plugins.JUnitXmlReportPlugin)
sorting: ns: List(sbt.plugins.CorePlugin, sbt.plugins.IvyPlugin, sbt.plugins.JvmPlugin, sbt.plugins.JUnitXmlReportPlugin)
  :: sorting:: found: List(sbt.plugins.CorePlugin) not found List(sbt.plugins.IvyPlugin, sbt.plugins.JvmPlugin, sbt.plugins.JUnitXmlReportPlugin)
  :: sorting:: found: List(sbt.plugins.CorePlugin, sbt.plugins.IvyPlugin) not found List(sbt.plugins.JvmPlugin, sbt.plugins.JUnitXmlReportPlugin)
  :: sorting:: found: List(sbt.plugins.CorePlugin, sbt.plugins.IvyPlugin, sbt.plugins.JvmPlugin) not found List(sbt.plugins.JUnitXmlReportPlugin)
  :: sorting:: found: List(sbt.plugins.CorePlugin, sbt.plugins.IvyPlugin, sbt.plugins.JvmPlugin, sbt.plugins.JUnitXmlReportPlugin) not found List()
  :: sorted deduced result: List(sbt.plugins.CorePlugin, sbt.plugins.IvyPlugin, sbt.plugins.JvmPlugin, sbt.plugins.JUnitXmlReportPlugin)
[Loading] Done in /Users/kevin/.sbt/0.13/plugins, returning: (global-plugins)
Loading global plugins from /Users/kevin/.sbt/0.13/plugins
Running task... Cancel: sbt.TaskCancellationStrategy$Null$@2cbdbd31, check cycles: false

Initial source changes: 
	removed:Set()
	added: Set()
	modified: Set()
Removed products: Set()
External API changes: API Changes: Set()
Modified binary dependencies: Set()
Initial directly invalidated sources: Set()

Sources indirectly invalidated by:
	product: Set()
	binary dep: Set()
	external source: Set()
All initially invalidated sources: Set()

Copy resource mappings: 
	
Other repositories:
Default repositories:
Using inline dependencies specified in Scala.
[Loading] Scanning directory /Users/kevin/src/scalaplay/flightplanner/project
[Loading] Found non-root projects 
[Loading] Done in /Users/kevin/src/scalaplay/flightplanner/project, returning: ()
deducing auto plugins based on known facts Set(Atom(sbt.plugins.CorePlugin)) and clauses Clauses(List(Clause(Atom(sbt.plugins.JvmPlugin),Set(Atom(sbt.plugins.IvyPlugin))), Clause(Atom(sbt.plugins.JUnitXmlReportPlugin),Set(Atom(sbt.plugins.JvmPlugin))), Clause(Atom(android.AndroidPlugin),Set(Atom(sbt.plugins.JvmPlugin))), Clause(Atom(sbt.plugins.CorePlugin),Set(Atom(sbt.plugins.IvyPlugin))), Clause(Atom(sbt.plugins.IvyPlugin),Set(Atom(sbt.plugins.JvmPlugin))), Clause(Atom(sbt.plugins.JvmPlugin),Set(Atom(sbt.plugins.JUnitXmlReportPlugin)))))
  :: deduced result: Matched(sbt.plugins.CorePlugin,sbt.plugins.IvyPlugin,sbt.plugins.JvmPlugin,sbt.plugins.JUnitXmlReportPlugin)
sorting: ns: List(sbt.plugins.CorePlugin, sbt.plugins.IvyPlugin, sbt.plugins.JvmPlugin, sbt.plugins.JUnitXmlReportPlugin)
  :: sorting:: found: List(sbt.plugins.CorePlugin) not found List(sbt.plugins.IvyPlugin, sbt.plugins.JvmPlugin, sbt.plugins.JUnitXmlReportPlugin)
  :: sorting:: found: List(sbt.plugins.CorePlugin, sbt.plugins.IvyPlugin) not found List(sbt.plugins.JvmPlugin, sbt.plugins.JUnitXmlReportPlugin)
  :: sorting:: found: List(sbt.plugins.CorePlugin, sbt.plugins.IvyPlugin, sbt.plugins.JvmPlugin) not found List(sbt.plugins.JUnitXmlReportPlugin)
  :: sorting:: found: List(sbt.plugins.CorePlugin, sbt.plugins.IvyPlugin, sbt.plugins.JvmPlugin, sbt.plugins.JUnitXmlReportPlugin) not found List()
  :: sorted deduced result: List(sbt.plugins.CorePlugin, sbt.plugins.IvyPlugin, sbt.plugins.JvmPlugin, sbt.plugins.JUnitXmlReportPlugin)
[Loading] Done in /Users/kevin/src/scalaplay/flightplanner/project, returning: (flightplanner-build)
Loading project definition from /Users/kevin/src/scalaplay/flightplanner/project
Running task... Cancel: sbt.TaskCancellationStrategy$Null$@2cbdbd31, check cycles: false

Initial source changes: 
	removed:Set()
	added: Set()
	modified: Set()
Removed products: Set()
External API changes: API Changes: Set()
Modified binary dependencies: Set()
Initial directly invalidated sources: Set()

Sources indirectly invalidated by:
	product: Set()
	binary dep: Set()
	external source: Set()
All initially invalidated sources: Set()

Copy resource mappings: 
	
[Loading] Scanning directory /Users/kevin/src/scalaplay/flightplanner
[Loading] Found root project root w/ remaining 
deducing auto plugins based on known facts Set(Atom(play.PlayScala), Atom(sbt.plugins.CorePlugin)) and clauses Clauses(List(Clause(Atom(sbt.plugins.JvmPlugin),Set(Atom(sbt.plugins.IvyPlugin))), Clause(Atom(sbt.plugins.JUnitXmlReportPlugin),Set(Atom(sbt.plugins.JvmPlugin))), Clause(Atom(android.AndroidPlugin),Set(Atom(sbt.plugins.JvmPlugin))), Clause(Atom(play.sbt.forkrun.PlayForkRun),Set(Atom(sbt.plugins.BackgroundRunPlugin))), Clause(Atom(play.sbt.forkrun.PlayForkRun),Set(Atom(play.Play))), Clause(Atom(play.sbt.forkrun.PlayForkRun),Set(Atom(sbt.plugins.SerializersPlugin))), Clause(Atom(play.Play),Set(Atom(com.typesafe.sbt.webdriver.SbtWebDriver))), Clause(Atom(play.Play),Set(Atom(play.twirl.sbt.SbtTwirl))), Clause(Atom(play.Play),Set(Atom(com.typesafe.sbt.jse.SbtJsTask))), Clause(Atom(play.PlayJava),Set(Atom(play.Play))), Clause(Atom(play.PlayScala),Set(Atom(play.Play))), Clause(Atom(play.twirl.sbt.SbtTwirl),Set(Atom(sbt.plugins.JvmPlugin))), Clause(Atom(com.typesafe.sbt.jse.SbtJsEngine),Set(Atom(com.typesafe.sbt.web.SbtWeb))), Clause(Atom(com.typesafe.sbt.jse.SbtJsTask),Set(Atom(com.typesafe.sbt.jse.SbtJsEngine))), Clause(Atom(com.typesafe.sbt.webdriver.SbtWebDriver),Set(Atom(com.typesafe.sbt.web.SbtWeb))), Clause(Atom(sbt.plugins.BackgroundRunPlugin),Set(Atom(sbt.plugins.JvmPlugin))), Clause(Atom(com.typesafe.sbt.coffeescript.SbtCoffeeScript),Set(Atom(com.typesafe.sbt.jse.SbtJsTask))), Clause(Atom(com.typesafe.sbt.less.SbtLess),Set(Atom(com.typesafe.sbt.jse.SbtJsTask))), Clause(Atom(com.typesafe.sbt.jshint.SbtJSHint),Set(Atom(com.typesafe.sbt.jse.SbtJsTask))), Clause(Atom(com.typesafe.sbt.rjs.SbtRjs),Set(Atom(com.typesafe.sbt.jse.SbtJsTask))), Clause(Atom(com.typesafe.sbt.digest.SbtDigest),Set(Atom(com.typesafe.sbt.web.SbtWeb))), Clause(Atom(com.typesafe.sbt.mocha.SbtMocha),Set(Atom(com.typesafe.sbt.jse.SbtJsTask))), Clause(Atom(sbt.plugins.CorePlugin),Set(Atom(sbt.plugins.IvyPlugin))), Clause(Atom(sbt.plugins.IvyPlugin),Set(Atom(sbt.plugins.JvmPlugin))), Clause(Atom(sbt.plugins.JvmPlugin),Set(Atom(sbt.plugins.JUnitXmlReportPlugin))), Clause(And(Set(Atom(sbt.plugins.BackgroundRunPlugin), Atom(play.Play), Atom(sbt.plugins.SerializersPlugin))),Set(Atom(play.sbt.forkrun.PlayForkRun))), Clause(Atom(com.typesafe.sbt.web.SbtWeb),Set(Atom(com.typesafe.sbt.jse.SbtJsEngine))), Clause(Atom(com.typesafe.sbt.jse.SbtJsEngine),Set(Atom(com.typesafe.sbt.jse.SbtJsTask))), Clause(Atom(com.typesafe.sbt.web.SbtWeb),Set(Atom(com.typesafe.sbt.webdriver.SbtWebDriver))), Clause(Atom(sbt.plugins.JvmPlugin),Set(Atom(sbt.plugins.BackgroundRunPlugin))), Clause(Atom(sbt.plugins.CorePlugin),Set(Atom(sbt.plugins.InteractionServicePlugin))), Clause(Atom(sbt.plugins.CorePlugin),Set(Atom(sbt.plugins.SendEventServicePlugin))), Clause(Atom(sbt.plugins.CorePlugin),Set(Atom(sbt.plugins.SerializersPlugin))), Clause(Atom(com.typesafe.sbt.jse.SbtJsTask),Set(Atom(com.typesafe.sbt.coffeescript.SbtCoffeeScript))), Clause(Atom(com.typesafe.sbt.jse.SbtJsTask),Set(Atom(com.typesafe.sbt.less.SbtLess))), Clause(Atom(com.typesafe.sbt.jse.SbtJsTask),Set(Atom(com.typesafe.sbt.jshint.SbtJSHint))), Clause(Atom(com.typesafe.sbt.jse.SbtJsTask),Set(Atom(com.typesafe.sbt.rjs.SbtRjs))), Clause(Atom(com.typesafe.sbt.web.SbtWeb),Set(Atom(com.typesafe.sbt.digest.SbtDigest))), Clause(Atom(com.typesafe.sbt.jse.SbtJsTask),Set(Atom(com.typesafe.sbt.mocha.SbtMocha)))))
  :: deduced result: Matched(sbt.plugins.CorePlugin,play.PlayScala,sbt.plugins.InteractionServicePlugin,sbt.plugins.SendEventServicePlugin,play.Play,sbt.plugins.SerializersPlugin,sbt.plugins.IvyPlugin,sbt.plugins.JvmPlugin,com.typesafe.sbt.jse.SbtJsTask,play.twirl.sbt.SbtTwirl,com.typesafe.sbt.webdriver.SbtWebDriver,com.typesafe.sbt.jshint.SbtJSHint,sbt.plugins.JUnitXmlReportPlugin,com.typesafe.sbt.mocha.SbtMocha,com.typesafe.sbt.less.SbtLess,com.typesafe.sbt.web.SbtWeb,com.typesafe.sbt.rjs.SbtRjs,com.typesafe.sbt.jse.SbtJsEngine,com.typesafe.sbt.coffeescript.SbtCoffeeScript,sbt.plugins.BackgroundRunPlugin,com.typesafe.sbt.digest.SbtDigest,play.sbt.forkrun.PlayForkRun)
sorting: ns: List(sbt.plugins.CorePlugin, play.PlayScala, sbt.plugins.InteractionServicePlugin, sbt.plugins.SendEventServicePlugin, play.Play, sbt.plugins.SerializersPlugin, sbt.plugins.IvyPlugin, sbt.plugins.JvmPlugin, com.typesafe.sbt.jse.SbtJsTask, play.twirl.sbt.SbtTwirl, com.typesafe.sbt.webdriver.SbtWebDriver, com.typesafe.sbt.jshint.SbtJSHint, sbt.plugins.JUnitXmlReportPlugin, com.typesafe.sbt.mocha.SbtMocha, com.typesafe.sbt.less.SbtLess, com.typesafe.sbt.web.SbtWeb, com.typesafe.sbt.rjs.SbtRjs, com.typesafe.sbt.jse.SbtJsEngine, com.typesafe.sbt.coffeescript.SbtCoffeeScript, sbt.plugins.BackgroundRunPlugin, com.typesafe.sbt.digest.SbtDigest, play.sbt.forkrun.PlayForkRun)
  :: sorting:: found: List(sbt.plugins.CorePlugin, com.typesafe.sbt.web.SbtWeb) not found List(play.PlayScala, sbt.plugins.InteractionServicePlugin, sbt.plugins.SendEventServicePlugin, play.Play, sbt.plugins.SerializersPlugin, sbt.plugins.IvyPlugin, sbt.plugins.JvmPlugin, com.typesafe.sbt.jse.SbtJsTask, play.twirl.sbt.SbtTwirl, com.typesafe.sbt.webdriver.SbtWebDriver, com.typesafe.sbt.jshint.SbtJSHint, sbt.plugins.JUnitXmlReportPlugin, com.typesafe.sbt.mocha.SbtMocha, com.typesafe.sbt.less.SbtLess, com.typesafe.sbt.rjs.SbtRjs, com.typesafe.sbt.jse.SbtJsEngine, com.typesafe.sbt.coffeescript.SbtCoffeeScript, sbt.plugins.BackgroundRunPlugin, com.typesafe.sbt.digest.SbtDigest, play.sbt.forkrun.PlayForkRun)
  :: sorting:: found: List(sbt.plugins.CorePlugin, com.typesafe.sbt.web.SbtWeb, sbt.plugins.InteractionServicePlugin, sbt.plugins.SendEventServicePlugin, sbt.plugins.SerializersPlugin, sbt.plugins.IvyPlugin, com.typesafe.sbt.webdriver.SbtWebDriver, com.typesafe.sbt.jse.SbtJsEngine, com.typesafe.sbt.digest.SbtDigest) not found List(play.PlayScala, play.Play, sbt.plugins.JvmPlugin, com.typesafe.sbt.jse.SbtJsTask, play.twirl.sbt.SbtTwirl, com.typesafe.sbt.jshint.SbtJSHint, sbt.plugins.JUnitXmlReportPlugin, com.typesafe.sbt.mocha.SbtMocha, com.typesafe.sbt.less.SbtLess, com.typesafe.sbt.rjs.SbtRjs, com.typesafe.sbt.coffeescript.SbtCoffeeScript, sbt.plugins.BackgroundRunPlugin, play.sbt.forkrun.PlayForkRun)
  :: sorting:: found: List(sbt.plugins.CorePlugin, com.typesafe.sbt.web.SbtWeb, sbt.plugins.InteractionServicePlugin, sbt.plugins.SendEventServicePlugin, sbt.plugins.SerializersPlugin, sbt.plugins.IvyPlugin, com.typesafe.sbt.webdriver.SbtWebDriver, com.typesafe.sbt.jse.SbtJsEngine, com.typesafe.sbt.digest.SbtDigest, sbt.plugins.JvmPlugin, com.typesafe.sbt.jse.SbtJsTask) not found List(play.PlayScala, play.Play, play.twirl.sbt.SbtTwirl, com.typesafe.sbt.jshint.SbtJSHint, sbt.plugins.JUnitXmlReportPlugin, com.typesafe.sbt.mocha.SbtMocha, com.typesafe.sbt.less.SbtLess, com.typesafe.sbt.rjs.SbtRjs, com.typesafe.sbt.coffeescript.SbtCoffeeScript, sbt.plugins.BackgroundRunPlugin, play.sbt.forkrun.PlayForkRun)
  :: sorting:: found: List(sbt.plugins.CorePlugin, com.typesafe.sbt.web.SbtWeb, sbt.plugins.InteractionServicePlugin, sbt.plugins.SendEventServicePlugin, sbt.plugins.SerializersPlugin, sbt.plugins.IvyPlugin, com.typesafe.sbt.webdriver.SbtWebDriver, com.typesafe.sbt.jse.SbtJsEngine, com.typesafe.sbt.digest.SbtDigest, sbt.plugins.JvmPlugin, com.typesafe.sbt.jse.SbtJsTask, play.twirl.sbt.SbtTwirl, com.typesafe.sbt.jshint.SbtJSHint, sbt.plugins.JUnitXmlReportPlugin, com.typesafe.sbt.mocha.SbtMocha, com.typesafe.sbt.less.SbtLess, com.typesafe.sbt.rjs.SbtRjs, com.typesafe.sbt.coffeescript.SbtCoffeeScript, sbt.plugins.BackgroundRunPlugin) not found List(play.PlayScala, play.Play, play.sbt.forkrun.PlayForkRun)
  :: sorting:: found: List(sbt.plugins.CorePlugin, com.typesafe.sbt.web.SbtWeb, sbt.plugins.InteractionServicePlugin, sbt.plugins.SendEventServicePlugin, sbt.plugins.SerializersPlugin, sbt.plugins.IvyPlugin, com.typesafe.sbt.webdriver.SbtWebDriver, com.typesafe.sbt.jse.SbtJsEngine, com.typesafe.sbt.digest.SbtDigest, sbt.plugins.JvmPlugin, com.typesafe.sbt.jse.SbtJsTask, play.twirl.sbt.SbtTwirl, com.typesafe.sbt.jshint.SbtJSHint, sbt.plugins.JUnitXmlReportPlugin, com.typesafe.sbt.mocha.SbtMocha, com.typesafe.sbt.less.SbtLess, com.typesafe.sbt.rjs.SbtRjs, com.typesafe.sbt.coffeescript.SbtCoffeeScript, sbt.plugins.BackgroundRunPlugin, play.Play) not found List(play.PlayScala, play.sbt.forkrun.PlayForkRun)
  :: sorting:: found: List(sbt.plugins.CorePlugin, com.typesafe.sbt.web.SbtWeb, sbt.plugins.InteractionServicePlugin, sbt.plugins.SendEventServicePlugin, sbt.plugins.SerializersPlugin, sbt.plugins.IvyPlugin, com.typesafe.sbt.webdriver.SbtWebDriver, com.typesafe.sbt.jse.SbtJsEngine, com.typesafe.sbt.digest.SbtDigest, sbt.plugins.JvmPlugin, com.typesafe.sbt.jse.SbtJsTask, play.twirl.sbt.SbtTwirl, com.typesafe.sbt.jshint.SbtJSHint, sbt.plugins.JUnitXmlReportPlugin, com.typesafe.sbt.mocha.SbtMocha, com.typesafe.sbt.less.SbtLess, com.typesafe.sbt.rjs.SbtRjs, com.typesafe.sbt.coffeescript.SbtCoffeeScript, sbt.plugins.BackgroundRunPlugin, play.Play, play.PlayScala, play.sbt.forkrun.PlayForkRun) not found List()
  :: sorted deduced result: List(sbt.plugins.CorePlugin, com.typesafe.sbt.web.SbtWeb, sbt.plugins.InteractionServicePlugin, sbt.plugins.SendEventServicePlugin, sbt.plugins.SerializersPlugin, sbt.plugins.IvyPlugin, com.typesafe.sbt.webdriver.SbtWebDriver, com.typesafe.sbt.jse.SbtJsEngine, com.typesafe.sbt.digest.SbtDigest, sbt.plugins.JvmPlugin, com.typesafe.sbt.jse.SbtJsTask, play.twirl.sbt.SbtTwirl, com.typesafe.sbt.jshint.SbtJSHint, sbt.plugins.JUnitXmlReportPlugin, com.typesafe.sbt.mocha.SbtMocha, com.typesafe.sbt.less.SbtLess, com.typesafe.sbt.rjs.SbtRjs, com.typesafe.sbt.coffeescript.SbtCoffeeScript, sbt.plugins.BackgroundRunPlugin, play.Play, play.PlayScala, play.sbt.forkrun.PlayForkRun)
[Loading] Done in /Users/kevin/src/scalaplay/flightplanner, returning: (root)
Set current project to play-heroku-seed (in build file:/Users/kevin/src/scalaplay/flightplanner/)
Reapplying settings...
Set current project to play-heroku-seed (in build file:/Users/kevin/src/scalaplay/flightplanner/)
> iflast shell
> server-send-ready-for-request
> server-handle-next-server-request
> {file:/Users/kevin/src/scalaplay/flightplanner/}root/compile:discoveredMainClasses
Evaluating tasks: compile:discoveredMainClasses
Running task... Cancel: sbt.server.ServerTaskCancellation@55f323c0, check cycles: false

Initial source changes: 
	removed:Set()
	added: Set()
	modified: Set()
Removed products: Set()
External API changes: API Changes: Set()
Modified binary dependencies: Set()
Initial directly invalidated sources: Set()

Sources indirectly invalidated by:
	product: Set()
	binary dep: Set()
	external source: Set()
All initially invalidated sources: Set()

Total time: 1 s, completed 18-Mar-2015 21:55:51
> server-post-command-cleanup
> server-handle-next-server-request
> {file:/Users/kevin/src/scalaplay/flightplanner/}root/compile:mainClass
Evaluating tasks: compile:mainClass
Running task... Cancel: sbt.server.ServerTaskCancellation@7a6c7f5f, check cycles: false
Total time: 0 s, completed 18-Mar-2015 21:55:51
> server-post-command-cleanup
> server-handle-next-server-request
> {file:/Users/kevin/src/scalaplay/flightplanner/}root/compile:discoveredMainClasses
Evaluating tasks: compile:discoveredMainClasses
Running task... Cancel: sbt.server.ServerTaskCancellation@56dcb4cd, check cycles: false

Initial source changes: 
	removed:Set()
	added: Set()
	modified: Set()
Removed products: Set()
External API changes: API Changes: Set()
Modified binary dependencies: Set()
Initial directly invalidated sources: Set()

Sources indirectly invalidated by:
	product: Set()
	binary dep: Set()
	external source: Set()
All initially invalidated sources: Set()

Total time: 1 s, completed 18-Mar-2015 21:55:52
> server-post-command-cleanup
> server-handle-next-server-request
> {file:/Users/kevin/src/scalaplay/flightplanner/}root/compile:mainClass
Evaluating tasks: compile:mainClass
Running task... Cancel: sbt.server.ServerTaskCancellation@7f1cfd62, check cycles: false
Total time: 0 s, completed 18-Mar-2015 21:55:52
> server-post-command-cleanup
> server-handle-next-server-request
> backgroundRun
Evaluating tasks: compile:backgroundRun
Running task... Cancel: sbt.server.ServerTaskCancellation@df32cd7, check cycles: false
Total time: 0 s, completed 18-Mar-2015 22:02:05
> server-post-command-cleanup
> server-handle-next-server-request
> {file:/Users/kevin/src/scalaplay/flightplanner/}root/*:playForkConfig
Evaluating tasks: *:playForkConfig
Running task... Cancel: sbt.server.ServerTaskCancellation@2174f1f3, check cycles: false
Total time: 1 s, completed 18-Mar-2015 22:02:09
> server-post-command-cleanup
> server-handle-next-server-request
> root/playForkNotifyStart http://localhost:9000
Evaluating tasks: *:playForkNotifyStart
Running task... Cancel: sbt.server.ServerTaskCancellation@15ba7591, check cycles: false
Total time: 0 s, completed 18-Mar-2015 22:02:10
> server-post-command-cleanup
> server-handle-next-server-request
> {file:/Users/kevin/src/scalaplay/flightplanner/}root/*:playForkReload
Evaluating tasks: *:playForkReload
Running task... Cancel: sbt.server.ServerTaskCancellation@6fcfb0cf, check cycles: false

Initial source changes: 
	removed:Set()
	added: Set()
	modified: Set()
Removed products: Set()
External API changes: API Changes: Set()
Modified binary dependencies: Set()
Initial directly invalidated sources: Set()

Sources indirectly invalidated by:
	product: Set()
	binary dep: Set()
	external source: Set()
All initially invalidated sources: Set()

Copy resource mappings: 
	(/Users/kevin/src/scalaplay/flightplanner/conf/application.conf,/Users/kevin/src/scalaplay/flightplanner/target/scala-2.11/classes/application.conf)
	(/Users/kevin/src/scalaplay/flightplanner/conf/evolutions,/Users/kevin/src/scalaplay/flightplanner/target/scala-2.11/classes/evolutions)
	(/Users/kevin/src/scalaplay/flightplanner/conf/routes,/Users/kevin/src/scalaplay/flightplanner/target/scala-2.11/classes/routes)
	(/Users/kevin/src/scalaplay/flightplanner/conf/evolutions/default,/Users/kevin/src/scalaplay/flightplanner/target/scala-2.11/classes/evolutions/default)
	(/Users/kevin/src/scalaplay/flightplanner/conf/evolutions/default/1.sql,/Users/kevin/src/scalaplay/flightplanner/target/scala-2.11/classes/evolutions/default/1.sql)
Total time: 2 s, completed 18-Mar-2015 22:02:14
> server-post-command-cleanup
> server-handle-next-server-request
